{
  "RSpec": {
    "coverage": {
      "/home/simran/Documents/ruby_proj/mini_proj/spec/models/result_spec.rb": {
        "lines": [
          1,
          null,
          1,
          null,
          2,
          null,
          1,
          1,
          null,
          null
        ]
      },
      "/home/simran/Documents/ruby_proj/mini_proj/spec/rails_helper.rb": {
        "lines": [
          null,
          null,
          1,
          1,
          1,
          null,
          1,
          1,
          null,
          null,
          null,
          null,
          null,
          null,
          null,
          null,
          null,
          null,
          null,
          null,
          null,
          null,
          null,
          2,
          null,
          null,
          null,
          null,
          1,
          null,
          0,
          0,
          null,
          1,
          null,
          1,
          null,
          null,
          null,
          null,
          1,
          null,
          null,
          null,
          null,
          null,
          null,
          null,
          null,
          null,
          null,
          null,
          null,
          null,
          null,
          null,
          null,
          null,
          1,
          null,
          null,
          1,
          null,
          null,
          null
        ]
      },
      "/home/simran/Documents/ruby_proj/mini_proj/config/environment.rb": {
        "lines": [
          null,
          1,
          null,
          null,
          1
        ]
      },
      "/home/simran/Documents/ruby_proj/mini_proj/config/application.rb": {
        "lines": [
          1,
          null,
          1,
          null,
          null,
          null,
          1,
          null,
          1,
          1,
          null,
          1,
          null,
          null,
          null,
          null,
          null,
          null,
          null,
          null,
          null,
          null
        ]
      },
      "/home/simran/Documents/ruby_proj/mini_proj/config/boot.rb": {
        "lines": [
          1,
          null,
          1,
          1
        ]
      },
      "/home/simran/Documents/ruby_proj/mini_proj/config/environments/test.rb": {
        "lines": [
          1,
          null,
          null,
          null,
          null,
          null,
          null,
          1,
          null,
          null,
          1,
          1,
          null,
          null,
          null,
          null,
          1,
          null,
          null,
          1,
          1,
          null,
          null,
          null,
          null,
          1,
          1,
          1,
          null,
          null,
          1,
          null,
          null,
          1,
          null,
          null,
          1,
          null,
          1,
          null,
          null,
          null,
          null,
          1,
          null,
          null,
          1,
          null,
          null,
          1,
          null,
          null,
          1,
          null,
          null,
          null,
          null,
          null,
          null,
          null
        ]
      },
      "/home/simran/Documents/ruby_proj/mini_proj/config/initializers/application_controller_renderer.rb": {
        "lines": [
          null,
          null,
          null,
          null,
          null,
          null,
          null,
          null
        ]
      },
      "/home/simran/Documents/ruby_proj/mini_proj/config/initializers/assets.rb": {
        "lines": [
          null,
          null,
          null,
          1,
          null,
          null,
          null,
          null,
          1,
          null,
          null,
          null,
          null,
          null
        ]
      },
      "/home/simran/Documents/ruby_proj/mini_proj/config/initializers/backtrace_silencers.rb": {
        "lines": [
          null,
          null,
          null,
          null,
          null,
          null,
          null,
          1
        ]
      },
      "/home/simran/Documents/ruby_proj/mini_proj/config/initializers/content_security_policy.rb": {
        "lines": [
          null,
          null,
          null,
          null,
          null,
          null,
          null,
          null,
          null,
          null,
          null,
          null,
          null,
          null,
          null,
          null,
          null,
          null,
          null,
          null,
          null,
          null,
          null,
          null,
          null,
          null,
          null,
          null,
          null,
          null
        ]
      },
      "/home/simran/Documents/ruby_proj/mini_proj/config/initializers/cookies_serializer.rb": {
        "lines": [
          null,
          null,
          null,
          null,
          1
        ]
      },
      "/home/simran/Documents/ruby_proj/mini_proj/config/initializers/filter_parameter_logging.rb": {
        "lines": [
          null,
          null,
          null,
          1,
          null,
          null
        ]
      },
      "/home/simran/Documents/ruby_proj/mini_proj/config/initializers/inflections.rb": {
        "lines": [
          null,
          null,
          null,
          null,
          null,
          null,
          null,
          null,
          null,
          null,
          null,
          null,
          null,
          null,
          null,
          null
        ]
      },
      "/home/simran/Documents/ruby_proj/mini_proj/config/initializers/mime_types.rb": {
        "lines": [
          null,
          null,
          null,
          null
        ]
      },
      "/home/simran/Documents/ruby_proj/mini_proj/config/initializers/permissions_policy.rb": {
        "lines": [
          null,
          null,
          null,
          null,
          null,
          null,
          null,
          null,
          null,
          null,
          null
        ]
      },
      "/home/simran/Documents/ruby_proj/mini_proj/config/initializers/wrap_parameters.rb": {
        "lines": [
          null,
          null,
          null,
          null,
          null,
          null,
          1,
          2,
          null,
          null,
          null,
          null,
          null,
          null
        ]
      },
      "/home/simran/Documents/ruby_proj/mini_proj/spec/factories/result.rb": {
        "lines": [
          1,
          1,
          2,
          1,
          null,
          null
        ]
      },
      "/home/simran/Documents/ruby_proj/mini_proj/spec/factories/student.rb": {
        "lines": [
          1,
          1,
          23,
          23,
          null,
          null,
          null,
          null
        ]
      },
      "/home/simran/Documents/ruby_proj/mini_proj/spec/factories/studentinfo.rb": {
        "lines": [
          1,
          1,
          7,
          7,
          null,
          7,
          null,
          7,
          null,
          7,
          null,
          1,
          null,
          null
        ]
      },
      "/home/simran/Documents/ruby_proj/mini_proj/config/routes.rb": {
        "lines": [
          1,
          1,
          1,
          1,
          1,
          1,
          1,
          1,
          1,
          1,
          null,
          1,
          1,
          null,
          1,
          1,
          1,
          1,
          null,
          null,
          null
        ]
      },
      "/home/simran/Documents/ruby_proj/mini_proj/app/helpers/application_helper.rb": {
        "lines": [
          1,
          null
        ]
      },
      "/home/simran/Documents/ruby_proj/mini_proj/app/helpers/home_helper.rb": {
        "lines": [
          1,
          null
        ]
      },
      "/home/simran/Documents/ruby_proj/mini_proj/app/helpers/results_helper.rb": {
        "lines": [
          1,
          null
        ]
      },
      "/home/simran/Documents/ruby_proj/mini_proj/app/helpers/sessions_helper.rb": {
        "lines": [
          1,
          null
        ]
      },
      "/home/simran/Documents/ruby_proj/mini_proj/app/helpers/studentinfo_helper.rb": {
        "lines": [
          1,
          null
        ]
      },
      "/home/simran/Documents/ruby_proj/mini_proj/app/helpers/studentinfos_helper.rb": {
        "lines": [
          1,
          null
        ]
      },
      "/home/simran/Documents/ruby_proj/mini_proj/app/helpers/students_helper.rb": {
        "lines": [
          1,
          null
        ]
      },
      "/home/simran/Documents/ruby_proj/mini_proj/spec/support/factory_bot.rb": {
        "lines": [
          1,
          null,
          1,
          1,
          null
        ]
      },
      "/home/simran/Documents/ruby_proj/mini_proj/app/models/result.rb": {
        "lines": [
          1,
          1,
          null
        ]
      },
      "/home/simran/Documents/ruby_proj/mini_proj/app/models/application_record.rb": {
        "lines": [
          1,
          1,
          null
        ]
      },
      "/home/simran/Documents/ruby_proj/mini_proj/spec/models/student_spec.rb": {
        "lines": [
          1,
          null,
          1,
          2,
          null,
          null,
          null,
          null,
          null,
          null,
          1,
          1,
          null,
          null,
          null,
          null
        ]
      },
      "/home/simran/Documents/ruby_proj/mini_proj/app/models/student.rb": {
        "lines": [
          1,
          1,
          null,
          1,
          1,
          null,
          1,
          null,
          null,
          null,
          null,
          null
        ]
      },
      "/home/simran/Documents/ruby_proj/mini_proj/spec/models/studentinfo_spec.rb": {
        "lines": [
          1,
          null,
          1,
          2,
          null,
          1,
          1,
          null,
          null,
          null,
          null
        ]
      },
      "/home/simran/Documents/ruby_proj/mini_proj/app/models/studentinfo.rb": {
        "lines": [
          1,
          null,
          1,
          null,
          1,
          1,
          8,
          null,
          1,
          1,
          1,
          null,
          1,
          null,
          1,
          8,
          0,
          null,
          null,
          null
        ]
      },
      "/home/simran/Documents/ruby_proj/mini_proj/spec/requests/results_spec.rb": {
        "lines": [
          1,
          null,
          1,
          null,
          null
        ]
      },
      "/home/simran/Documents/ruby_proj/mini_proj/spec/requests/sessions_spec.rb": {
        "lines": [
          1,
          null,
          1,
          1,
          null,
          null,
          null
        ]
      },
      "/home/simran/Documents/ruby_proj/mini_proj/spec/requests/studentinfos_spec.rb": {
        "lines": [
          1,
          null,
          1,
          5,
          3,
          null,
          1,
          1,
          1,
          1,
          1,
          null,
          null,
          null,
          null,
          1,
          null,
          null,
          null,
          null,
          1,
          1,
          1,
          1,
          null,
          null,
          null,
          null,
          1,
          null,
          null,
          null,
          1,
          1,
          1,
          1,
          null,
          null,
          null,
          null,
          3,
          null,
          null,
          1,
          1,
          null,
          1,
          1,
          null,
          null,
          3,
          null,
          null,
          null,
          null
        ]
      },
      "/home/simran/Documents/ruby_proj/mini_proj/spec/requests/students_spec.rb": {
        "lines": [
          1,
          null,
          1,
          null,
          7,
          null,
          1,
          1,
          1,
          1,
          1,
          null,
          null,
          null,
          null,
          null,
          null,
          null,
          1,
          1,
          1,
          1,
          null,
          null,
          null,
          1,
          1,
          1,
          1,
          null,
          null,
          null,
          3,
          null,
          null,
          1,
          1,
          1,
          1,
          null,
          null,
          3,
          null,
          null,
          null,
          null,
          1,
          2,
          null,
          1,
          1,
          null,
          1,
          null,
          null,
          null,
          null,
          null,
          1,
          1,
          2,
          null,
          null,
          null,
          null,
          null,
          null,
          1,
          1,
          1,
          1,
          null,
          null,
          1,
          1,
          1,
          null,
          null,
          null,
          1,
          null,
          1,
          2,
          null,
          null,
          null,
          null,
          null,
          null,
          1,
          1,
          1,
          null,
          null,
          1,
          1,
          null,
          null,
          null,
          null,
          1,
          1,
          2,
          1,
          1,
          null,
          null,
          3,
          null,
          null,
          1,
          1,
          1,
          null,
          null,
          3,
          null,
          null,
          null,
          null
        ]
      },
      "/home/simran/Documents/ruby_proj/mini_proj/app/controllers/studentinfos_controller.rb": {
        "lines": [
          1,
          1,
          0,
          0,
          null,
          null,
          1,
          1,
          1,
          null,
          null,
          1,
          1,
          1,
          null,
          null,
          1,
          2,
          2,
          2,
          1,
          null,
          1,
          null,
          null,
          null,
          1,
          0,
          null,
          null,
          1,
          0,
          0,
          null,
          0,
          0,
          null,
          0,
          null,
          null,
          null,
          1,
          0,
          0,
          0,
          null,
          null,
          1,
          1,
          2,
          null,
          null
        ]
      },
      "/home/simran/Documents/ruby_proj/mini_proj/app/controllers/application_controller.rb": {
        "lines": [
          1,
          1,
          1,
          1,
          0,
          0,
          null,
          0,
          null,
          null,
          null,
          1,
          0,
          null,
          null
        ]
      },
      "/home/simran/Documents/ruby_proj/mini_proj/app/controllers/students_controller.rb": {
        "lines": [
          1,
          1,
          null,
          null,
          1,
          1,
          null,
          null,
          1,
          1,
          null,
          null,
          1,
          1,
          null,
          null,
          1,
          2,
          null,
          2,
          1,
          null,
          1,
          null,
          null,
          null,
          1,
          4,
          4,
          2,
          null,
          2,
          null,
          null,
          null,
          1,
          2,
          2,
          2,
          null,
          null,
          1,
          1,
          0,
          null,
          null,
          1,
          6,
          null,
          null
        ]
      }
    },
    "timestamp": 1616584720
  }
}
